
Gurobi 7.5.1 (win64, Python) logging started 04/17/18 15:12:45

Academic license - for non-commercial use only
Read LP format model from file SIMON12.lp
Reading time = 0.03 seconds
: 2712 rows, 801 columns, 11191 nonzeros
Optimize a model with 2712 rows, 801 columns and 11191 nonzeros
Variable types: 0 continuous, 801 integer (800 binary)
Coefficient statistics:
  Matrix range     [1e+00, 1e+00]
  Objective range  [1e+00, 1e+00]
  Bounds range     [1e+00, 1e+00]
  RHS range        [1e+00, 3e+01]
Presolve removed 194 rows and 192 columns
Presolve time: 0.03s
Presolved: 2518 rows, 609 columns, 10453 nonzeros
Variable types: 0 continuous, 609 integer (608 binary)
Found heuristic solution: objective 192.0000000
Found heuristic solution: objective 36.0000000

Root relaxation: objective 3.000000e+01, 1011 iterations, 0.07 seconds

    Nodes    |    Current Node    |     Objective Bounds      |     Work
 Expl Unexpl |  Obj  Depth IntInf | Incumbent    BestBd   Gap | It/Node Time

     0     0   30.00000    0   89   36.00000   30.00000  16.7%     -    0s
     0     0   30.00000    0  113   36.00000   30.00000  16.7%     -    0s
     0     0   30.00000    0  128   36.00000   30.00000  16.7%     -    0s
     0     0   30.00000    0  128   36.00000   30.00000  16.7%     -    0s
     0     0   30.00000    0  105   36.00000   30.00000  16.7%     -    0s
     0     0   30.00000    0  270   36.00000   30.00000  16.7%     -    0s
     0     0   30.00000    0  220   36.00000   30.00000  16.7%     -    1s
     0     0   30.00000    0  211   36.00000   30.00000  16.7%     -    1s
     0     0   30.00000    0  167   36.00000   30.00000  16.7%     -    2s
     0     0   30.00000    0  167   36.00000   30.00000  16.7%     -    2s
     0     2   30.00000    0  167   36.00000   30.00000  16.7%     -    2s
   212   143   34.25490   17  268   36.00000   30.00000  16.7%   392    5s
  1078   536     cutoff   26        36.00000   30.00000  16.7%   291   10s
  1601   713   34.14138   12  373   36.00000   30.00000  16.7%   293   15s
  2139   928   32.00000   11  261   36.00000   30.00000  16.7%   290   20s
  2151   936   31.00000   45  262   36.00000   30.00000  16.7%   288   25s
  2159   946   30.00000   11  285   36.00000   30.00000  16.7%  20.3   30s
  2581  1044   34.00000   38  301   36.00000   30.00000  16.7%  72.6   35s
  3599  1058   34.00000   44  341   36.00000   30.00000  16.7%   137   40s
  4530  1062 infeasible   35        36.00000   30.00000  16.7%   170   45s
  5577  1208   33.04527   32  350   36.00000   30.00000  16.7%   195   50s
  6506  1484   32.00000   18  352   36.00000   30.00000  16.7%   214   56s
  7648  1874   30.00000   16  327   36.00000   30.00000  16.7%   221   62s
  8512  2160   35.00000   35  302   36.00000   30.00000  16.7%   225   66s
  9397  2457   30.00000   39  297   36.00000   30.00000  16.7%   230   71s
 10353  2680   32.40000   38  308   36.00000   30.00000  16.7%   234   75s
 11307  2993 infeasible   41        36.00000   30.00000  16.7%   240   80s
 12572  3504   30.00000   24  343   36.00000   30.00000  16.7%   240   85s
 13761  3870 infeasible   37        36.00000   30.00000  16.7%   243   90s
 14908  4174   31.00000   28  331   36.00000   30.00000  16.7%   248   96s
 16139  4582   35.00000   51  312   36.00000   30.00000  16.7%   255  103s
 16827  4745   34.15855   37  341   36.00000   30.00000  16.7%   257  106s
 17622  4949   33.00000   38  350   36.00000   30.00000  16.7%   258  110s
 19083  5228   30.00000   35  363   36.00000   30.00000  16.7%   261  117s
 19881  5425 infeasible   48        36.00000   30.00000  16.7%   264  121s
 20761  5604   32.89538   32  393   36.00000   30.00000  16.7%   265  125s
 22474  5976 infeasible   40        36.00000   30.00000  16.7%   268  134s
 23308  6157   34.90576   27  323   36.00000   30.00000  16.7%   270  139s
 24147  6315   34.00000   37  295   36.00000   30.00000  16.7%   275  143s
 25019  6492 infeasible   32        36.00000   30.00000  16.7%   277  148s
 25957  6733   30.00000   18  248   36.00000   30.00000  16.7%   277  152s
 26916  7051   30.80214   27  334   36.00000   30.00000  16.7%   278  157s
 27857  7306   30.03274   25  401   36.00000   30.00000  16.7%   278  161s
 28782  7522   35.00000   36  358   36.00000   30.00000  16.7%   278  166s
 29645  7737   35.00000   39  324   36.00000   30.00000  16.7%   280  200s
 30487  7905 infeasible   39        36.00000   30.00000  16.7%   281  205s
 32263  8317   31.31985   32  328   36.00000   30.00000  16.7%   282  214s
 33152  8512   35.00000   31  383   36.00000   30.00000  16.7%   283  219s
 34036  8711   31.06541   29  351   36.00000   30.00000  16.7%   284  224s
 34951  8945   30.00000   24  313   36.00000   30.00000  16.7%   284  228s
 35861  9194 infeasible   34        36.00000   30.00000  16.7%   285  233s
 36782  9398 infeasible   28        36.00000   30.00000  16.7%   285  238s
 37617  9590   31.00000   25  353   36.00000   30.00000  16.7%   285  242s
 38457  9757   33.34533   22  335   36.00000   30.00000  16.7%   286  247s
 39337  9944   34.43537   32  339   36.00000   30.00000  16.7%   287  252s
 40210 10156   32.00000   30  296   36.00000   30.00000  16.7%   288  257s
*40699  5028              38      34.0000000   30.00000  11.8%   288  257s
 41051  5023     cutoff   26        34.00000   30.00000  11.8%   288  262s
 41640  5093   30.00000   25  316   34.00000   30.00000  11.8%   290  267s
 42539  5239   31.00000   29  373   34.00000   30.00000  11.8%   290  272s
 43459  5368   30.00000   29  311   34.00000   30.00000  11.8%   290  277s
 44384  5461   33.00000   22  398   34.00000   30.00000  11.8%   290  283s
 45319  5589 infeasible   29        34.00000   30.00000  11.8%   290  288s
 46112  5756 infeasible   34        34.00000   30.00000  11.8%   290  293s
 46374  5733   31.00000   22  381   34.00000   30.00000  11.8%   290  299s
 47006  5849   30.12933   31  327   34.00000   30.00000  11.8%   291  304s
 47547  5924   31.68662   32  374   34.00000   30.00000  11.8%   291  310s
 48410  6145   30.58859   20  377   34.00000   30.00000  11.8%   291  315s
 49172  6280   32.00000   38  353   34.00000   30.00000  11.8%   291  321s
 50157  6450   33.00000   34  330   34.00000   30.00000  11.8%   290  327s
 51056  6600   30.30877   42  351   34.00000   30.00000  11.8%   290  332s
 51855  6693   31.00000   26  412   34.00000   30.00000  11.8%   290  338s
 52554  6822   32.00000   26  330   34.00000   30.00000  11.8%   290  344s
 53027  6886   33.00000   40  363   34.00000   30.00000  11.8%   290  349s
 53723  6955   32.10122   21  392   34.00000   30.00000  11.8%   290  355s
 54344  6918   31.57715   24  306   34.00000   31.00000  8.82%   290  361s
 55583  6998   31.24114   30  379   34.00000   31.00000  8.82%   289  366s
 56690  7075   31.00000   22  264   34.00000   31.00000  8.82%   289  371s
 57495  6980   31.00000   23  345   34.00000   31.00000  8.82%   289  377s
 58367  6914   31.58711   27  358   34.00000   31.00000  8.82%   288  382s
 59114  6805   31.82225   21  338   34.00000   31.00000  8.82%   289  387s
 59801  6683   32.64154   31  297   34.00000   31.00000  8.82%   289  391s
 60486  6608   32.61644   38  387   34.00000   31.00000  8.82%   288  395s
 61363  6599 infeasible   28        34.00000   31.00000  8.82%   288  400s
 62251  6548   32.37994   33  332   34.00000   31.00000  8.82%   288  405s
 63775  6401 infeasible   28        34.00000   31.00000  8.82%   287  414s
 64533  6323 infeasible   35        34.00000   31.00000  8.82%   287  419s
 65375  6252   32.83196   36  376   34.00000   31.00000  8.82%   287  424s
 66295  6220   31.00000   36  354   34.00000   31.00000  8.82%   287  429s
 67253  6218   33.00000   31  361   34.00000   31.00000  8.82%   286  433s
 68158  6150   33.00000   30  396   34.00000   32.00000  5.88%   286  438s
 69036  6079 infeasible   42        34.00000   32.00000  5.88%   285  443s
 69850  5992   32.00000   62  218   34.00000   32.00000  5.88%   285  447s
 70664  5894   32.00000   34  290   34.00000   32.00000  5.88%   284  451s
 71733  5665 infeasible   36        34.00000   32.00000  5.88%   284  457s
 72175  5518   32.79739   26  356   34.00000   32.00000  5.88%   284  460s
 73288  5088   32.09105   45  283   34.00000   32.00000  5.88%   284  466s
 73926  4766 infeasible   31        34.00000   32.00000  5.88%   283  470s
 74622  4468 infeasible   44        34.00000   32.00000  5.88%   283  475s
 75698  4020 infeasible   33        34.00000   32.00000  5.88%   283  481s
 76409  3703 infeasible   28        34.00000   32.00000  5.88%   283  486s
 77164  3401 infeasible   33        34.00000   32.00000  5.88%   283  491s
 78093  3136 infeasible   29        34.00000   32.00000  5.88%   282  496s
 78996  2833 infeasible   31        34.00000   32.00000  5.88%   281  501s
 80134  2517 infeasible   34        34.00000   33.00000  2.94%   280  506s
 81113  2196 infeasible   53        34.00000   33.00000  2.94%   279  510s
 82270  1537 infeasible   45        34.00000   33.00000  2.94%   278  515s
 83088  1037 infeasible   34        34.00000   33.00000  2.94%   278  520s
 84192   373 infeasible   38        34.00000   33.00000  2.94%   277  525s

Cutting planes:
  Gomory: 1
  Flow cover: 56
  Zero half: 50

Explored 85093 nodes (24131300 simplex iterations) in 528.75 seconds
Thread count was 8 (of 8 available processors)

Solution count 3: 34 36 192 

Optimal solution found (tolerance 1.00e-04)
Best objective 3.400000000000e+01, best bound 3.400000000000e+01, gap 0.0000%
